0 info it worked if it ends with ok
1 verbose cli [ '/Users/arielshad/.nvm/versions/node/v7.4.0/bin/node',
1 verbose cli   '/Users/arielshad/.nvm/versions/node/v7.4.0/bin/npm',
1 verbose cli   'start' ]
2 info using npm@4.0.5
3 info using node@v7.4.0
4 verbose run-script [ 'prestart', 'start', 'poststart' ]
5 info lifecycle location-grabber@1.0.0~prestart: location-grabber@1.0.0
6 silly lifecycle location-grabber@1.0.0~prestart: no script for prestart, continuing
7 info lifecycle location-grabber@1.0.0~start: location-grabber@1.0.0
8 verbose lifecycle location-grabber@1.0.0~start: unsafe-perm in lifecycle true
9 verbose lifecycle location-grabber@1.0.0~start: PATH: /Users/arielshad/.nvm/versions/node/v7.4.0/lib/node_modules/npm/bin/node-gyp-bin:/Users/arielshad/code/location-grabber/node_modules/.bin:/Users/arielshad/.nvm/versions/node/v7.4.0/bin:/Users/arielshad/.composer/vendor/bin:/Applications/MAMP/bin/php/php5.4.10/bin:/usr/local/Cellar/gdb/7.8/bin/:/bin:/sbin:/usr/bin:/usr/local/sbin:/usr/local/bin:/usr/bin:/bin:/usr/sbin:/sbin:/usr/local/bin:/Users/arielshad/.rvm/bin
10 verbose lifecycle location-grabber@1.0.0~start: CWD: /Users/arielshad/code/location-grabber
11 silly lifecycle location-grabber@1.0.0~start: Args: [ '-c', 'node index.js' ]
12 silly lifecycle location-grabber@1.0.0~start: Returned: code: 1  signal: null
13 info lifecycle location-grabber@1.0.0~start: Failed to exec start script
14 verbose stack Error: location-grabber@1.0.0 start: `node index.js`
14 verbose stack Exit status 1
14 verbose stack     at EventEmitter.<anonymous> (/Users/arielshad/.nvm/versions/node/v7.4.0/lib/node_modules/npm/lib/utils/lifecycle.js:279:16)
14 verbose stack     at emitTwo (events.js:106:13)
14 verbose stack     at EventEmitter.emit (events.js:191:7)
14 verbose stack     at ChildProcess.<anonymous> (/Users/arielshad/.nvm/versions/node/v7.4.0/lib/node_modules/npm/lib/utils/spawn.js:40:14)
14 verbose stack     at emitTwo (events.js:106:13)
14 verbose stack     at ChildProcess.emit (events.js:191:7)
14 verbose stack     at maybeClose (internal/child_process.js:885:16)
14 verbose stack     at Process.ChildProcess._handle.onexit (internal/child_process.js:226:5)
15 verbose pkgid location-grabber@1.0.0
16 verbose cwd /Users/arielshad/code/location-grabber
17 error Darwin 15.3.0
18 error argv "/Users/arielshad/.nvm/versions/node/v7.4.0/bin/node" "/Users/arielshad/.nvm/versions/node/v7.4.0/bin/npm" "start"
19 error node v7.4.0
20 error npm  v4.0.5
21 error code ELIFECYCLE
22 error location-grabber@1.0.0 start: `node index.js`
22 error Exit status 1
23 error Failed at the location-grabber@1.0.0 start script 'node index.js'.
23 error Make sure you have the latest version of node.js and npm installed.
23 error If you do, this is most likely a problem with the location-grabber package,
23 error not with npm itself.
23 error Tell the author that this fails on your system:
23 error     node index.js
23 error You can get information on how to open an issue for this project with:
23 error     npm bugs location-grabber
23 error Or if that isn't available, you can get their info via:
23 error     npm owner ls location-grabber
23 error There is likely additional logging output above.
24 verbose exit [ 1, true ]
